<?xml version="1.0" encoding="UTF-8"?>
<!-- Generated by org.testng.reporters.JUnitXMLReporter -->
<testsuite ignored="0" hostname="WINDOWS-UNR7VLH" failures="1" tests="1" name="Default test(failed)" time="0.263" errors="0" timestamp="2023-03-24T16:40:28 IST">
  <testcase classname="marchbatch.testcase_pagefactory2_testng" name="testcase1" time="0.053">
    <failure type="java.io.FileNotFoundException" message="C:\Users\Administrator\eclipse-workspace\marchbatch‪\data.xlsx (The system cannot find the path specified)">
      <![CDATA[java.io.FileNotFoundException: C:\Users\Administrator\eclipse-workspace\marchbatch‪\data.xlsx (The system cannot find the path specified)
at java.base/java.io.FileInputStream.open0(Native Method)
at java.base/java.io.FileInputStream.open(FileInputStream.java:219)
at java.base/java.io.FileInputStream.<init>(FileInputStream.java:158)
at java.base/java.io.FileInputStream.<init>(FileInputStream.java:112)
at marchbatch.testcase_pagefactory2_testng.testcase1(testcase_pagefactory2_testng.java:30)
at java.base/java.util.ArrayList.forEach(ArrayList.java:1511)
... Removed 25 stack frames]]>
    </failure>
  </testcase> <!-- testcase1 -->
</testsuite> <!-- Default test(failed) -->
